<?xml version="1.0" encoding="UTF-8"?>
<!-- Generated by org.testng.reporters.JUnitXMLReporter -->
<testsuite hostname="DESKTOP-QCSUJL0" name="Sprint1" tests="14" failures="1" timestamp="8 Sep 2019 18:15:01 GMT" time="203.522" errors="0">
  <testcase name="logIn" time="39.837" classname="com.OrangeHRM.TestCases.LoginTestCase"/>
  <testcase name="logIn" time="2.777" classname="com.OrangeHRM.TestCases.LoginTestCase"/>
  <testcase name="logInNegative" time="0.63" classname="com.OrangeHRM.TestCases.LoginTestCase"/>
  <testcase name="logInNegative" time="0.571" classname="com.OrangeHRM.TestCases.LoginTestCase"/>
  <testcase name="logInNegative" time="0.52" classname="com.OrangeHRM.TestCases.LoginTestCase"/>
  <testcase name="logInNegative" time="1.416" classname="com.OrangeHRM.TestCases.LoginTestCase"/>
  <testcase name="logInNegative" time="1.834" classname="com.OrangeHRM.TestCases.LoginTestCase"/>
  <testcase name="testTitle" time="0.04" classname="com.OrangeHRM.TestCases.LoginTestCase">
    <failure type="java.lang.AssertionError" message="expected [OrangeHRM1] but found [OrangeHRM]">
      <![CDATA[java.lang.AssertionError: expected [OrangeHRM1] but found [OrangeHRM]
	at com.OrangeHRM.TestCases.LoginTestCase.testTitle(LoginTestCase.java:94)
... Removed 30 stack frames]]>
    </failure>
  </testcase> <!-- testTitle -->
  <testcase name="clickOnLinkedInTest" time="0.186" classname="com.OrangeHRM.TestCases.LoginTestCase"/>
  <testcase name="clickOnFacebookTest" time="0.499" classname="com.OrangeHRM.TestCases.LoginTestCase"/>
  <testcase name="clickOnTwiterTest" time="0.398" classname="com.OrangeHRM.TestCases.LoginTestCase"/>
  <testcase name="clickOnYoutubeTest" time="0.391" classname="com.OrangeHRM.TestCases.LoginTestCase"/>
  <testcase name="verfylogoImage" time="0.236" classname="com.OrangeHRM.TestCases.LoginTestCase"/>
  <testcase name="totallinkTest" time="0.194" classname="com.OrangeHRM.TestCases.LoginTestCase"/>
</testsuite> <!-- Sprint1 -->
